<?xml version="1.0" encoding="UTF-8"?>
<!-- Generated by org.testng.reporters.JUnitReportReporter -->
<testsuite hostname="SE-87" failures="0" tests="1" name="testNG" time="0.027" errors="0" timestamp="2024-11-28T11:43:42 WIB" skipped="0">
  <testcase classname="testNG" name="testPrintMessage" time="0.027"/>
</testsuite> <!-- testNG -->
